<?xml version="1.0" encoding="UTF-8"?>
<!-- Generated by org.testng.reporters.JUnitXMLReporter -->
<testsuite ignored="6" hostname="DESKTOP-8T6KI5E" failures="0" tests="1" name="Default test" time="33.593" errors="0" timestamp="2023-04-20T15:44:11 BDT">
  <testcase classname="locator.SQA_Task" name="Security_Settings" time="33.486"/>
  <testcase classname="locator.SQA_Task" name="Forgot_Password" time="0.0">
    <ignored/>
  </testcase> <!-- Forgot_Password -->
  <testcase classname="locator.SQA_Task" name="Signup" time="0.0">
    <ignored/>
  </testcase> <!-- Signup -->
  <testcase classname="locator.SQA_Task" name="login" time="0.0">
    <ignored/>
  </testcase> <!-- login -->
  <testcase classname="locator.SQA_Task" name="TwoFA_Security_Method" time="0.0">
    <ignored/>
  </testcase> <!-- TwoFA_Security_Method -->
  <testcase classname="locator.SQA_Task" name="Reset_Password" time="0.0">
    <ignored/>
  </testcase> <!-- Reset_Password -->
  <testcase classname="locator.SQA_Task" name="Logout" time="0.0">
    <ignored/>
  </testcase> <!-- Logout -->
</testsuite> <!-- Default test -->
