<?xml version="1.0" encoding="UTF-8"?>
<!-- Generated by org.testng.reporters.JUnitXMLReporter -->
<testsuite ignored="7" hostname="DESKTOP-8T6KI5E" failures="0" tests="1" name="Default test" time="21.087" errors="0" timestamp="2023-04-27T13:10:39 BDT">
  <testcase classname="locator.SQA_Task" name="login" time="21.026"/>
  <testcase classname="locator.SQA_Task" name="Signup" time="0.0">
    <ignored/>
  </testcase> <!-- Signup -->
  <testcase classname="locator.SQA_Task" name="TwoFA_Security_Method" time="0.0">
    <ignored/>
  </testcase> <!-- TwoFA_Security_Method -->
  <testcase classname="locator.SQA_Task" name="twoFA_Security_Method_Unavailable" time="0.0">
    <ignored/>
  </testcase> <!-- twoFA_Security_Method_Unavailable -->
  <testcase classname="locator.SQA_Task" name="Security_Settings" time="0.0">
    <ignored/>
  </testcase> <!-- Security_Settings -->
  <testcase classname="locator.SQA_Task" name="Reset_Password" time="0.0">
    <ignored/>
  </testcase> <!-- Reset_Password -->
  <testcase classname="locator.SQA_Task" name="Forgot_Password" time="0.0">
    <ignored/>
  </testcase> <!-- Forgot_Password -->
  <testcase classname="locator.SQA_Task" name="Logout" time="0.0">
    <ignored/>
  </testcase> <!-- Logout -->
</testsuite> <!-- Default test -->
