<?xml version="1.0" encoding="UTF-8"?>
<testng-results ignored="7" total="8" passed="1" failed="0" skipped="0">
  <reporter-output>
  </reporter-output>
  <suite started-at="2023-04-27T13:10:17 BDT" name="Default suite" finished-at="2023-04-27T13:10:39 BDT" duration-ms="21087">
    <groups>
    </groups>
    <test started-at="2023-04-27T13:10:17 BDT" name="Default test" finished-at="2023-04-27T13:10:39 BDT" duration-ms="21087">
      <class name="locator.SQA_Task">
        <test-method is-config="true" signature="setDriver()[pri:0, instance:locator.SQA_Task@7674f035]" started-at="2023-04-27T13:10:15 BDT" name="setDriver" finished-at="2023-04-27T13:10:17 BDT" duration-ms="2675" status="PASS">
          <reporter-output>
          </reporter-output>
        </test-method> <!-- setDriver -->
        <test-method signature="login()[pri:0, instance:locator.SQA_Task@7674f035]" started-at="2023-04-27T13:10:17 BDT" name="login" finished-at="2023-04-27T13:10:39 BDT" duration-ms="21026" status="PASS">
          <reporter-output>
          </reporter-output>
        </test-method> <!-- login -->
        <test-method is-config="true" signature="quitDriver()[pri:0, instance:locator.SQA_Task@7674f035]" started-at="2023-04-27T13:10:39 BDT" name="quitDriver" finished-at="2023-04-27T13:10:39 BDT" duration-ms="68" status="PASS">
          <reporter-output>
          </reporter-output>
        </test-method> <!-- quitDriver -->
      </class> <!-- locator.SQA_Task -->
    </test> <!-- Default test -->
  </suite> <!-- Default suite -->
</testng-results>
